<?xml version="1.0" encoding="UTF-8"?>
<!-- Generated by org.testng.reporters.JUnitXMLReporter -->
<testsuite ignored="2" hostname="DESKTOP-HUO56FK" failures="0" tests="0" time="0.012" errors="0" timestamp="2024-07-21T16:04:42 IST">
  <testcase classname="seleniumframeworkdesign.testclasses.TestClass1" name="shopping" time="0.0">
    <ignored/>
  </testcase> <!-- shopping -->
  <testcase classname="seleniumframeworkdesign.testclasses.TestClass1" name="checkMyOrders" time="0.0">
    <ignored/>
  </testcase> <!-- checkMyOrders -->
</testsuite>
