<?xml version="1.0" encoding="UTF-8"?>
<!-- Generated by org.testng.reporters.JUnitXMLReporter -->
<testsuite ignored="0" hostname="DESKTOP-HUO56FK" failures="0" tests="2" name="Wrong credentials test" time="23.177" errors="0" timestamp="2024-07-21T16:05:05 IST">
  <testcase classname="seleniumframeworkdesign.testclasses.WrongCredentialsLogin" name="loginUsingWrongEmail" time="2.841"/>
  <testcase classname="seleniumframeworkdesign.testclasses.WrongCredentialsLogin" name="loginUsingWrongPassword" time="2.89"/>
</testsuite> <!-- Wrong credentials test -->
