<?xml version="1.0" encoding="UTF-8"?>
<!-- Generated by org.testng.reporters.JUnitXMLReporter -->
<testsuite ignored="0" hostname="DESKTOP-HUO56FK" failures="0" tests="2" name="choosing product test" time="155.65" errors="0" timestamp="2024-07-07T13:25:44 IST">
  <testcase classname="seleniumframeworkdesign.testclasses.TestClass1" name="shopping" time="88.913"/>
  <testcase classname="seleniumframeworkdesign.testclasses.TestClass1" name="checkMyOrders" time="15.915"/>
</testsuite> <!-- choosing product test -->
