<?xml version="1.0" encoding="UTF-8"?>
<!-- Generated by org.testng.reporters.JUnitXMLReporter -->
<testsuite ignored="0" hostname="DESKTOP-HUO56FK" failures="0" tests="2" name="Wrong credentials test" time="112.655" errors="0" timestamp="2024-07-07T13:25:04 IST">
  <testcase classname="seleniumframeworkdesign.testclasses.WrongCredentialsLogin" name="loginUsingWrongEmail" time="27.635"/>
  <testcase classname="seleniumframeworkdesign.testclasses.WrongCredentialsLogin" name="loginUsingWrongPassword" time="6.107"/>
</testsuite> <!-- Wrong credentials test -->
